<?xml version="1.0" encoding="UTF-8" ?>
<testsuite tests="1" failures="0" name="JUnitTest.DemoUserDaoTest" time="1.209" errors="1" skipped="0">
    <properties>
[...]
</properties>
    <testcase classname="JUnitTest.DemoUserDaoTest" name="testQueryAll" time="1.209">
        <error message="
### Error querying database.  Cause: org.postgresql.util.PSQLException: ERROR: relation &quot;demo.demo_user&quot; does not exist
  Position: 15
### The error may exist in mybatis/mapper/DemoUserMapper.xml
### The error may involve defaultParameterMap
### The error occurred while setting parameters
### SQL: select * from demo.demo_user
### Cause: org.postgresql.util.PSQLException: ERROR: relation &quot;demo.demo_user&quot; does not exist
  Position: 15" type="org.apache.ibatis.exceptions.PersistenceException">
            org.apache.ibatis.exceptions.PersistenceException:
            ### Error querying database. Cause: org.postgresql.util.PSQLException: ERROR: relation &quot;demo.demo_user&quot;
            does not exist
            Position: 15
            ### The error may exist in mybatis/mapper/DemoUserMapper.xml
            ### The error may involve defaultParameterMap
            ### The error occurred while setting parameters
            ### SQL: select * from demo.demo_user
            ### Cause: org.postgresql.util.PSQLException: ERROR: relation &quot;demo.demo_user&quot; does not exist
            Position: 15
            at org.apache.ibatis.exceptions.ExceptionFactory.wrapException(ExceptionFactory.java:30)
            at org.apache.ibatis.session.defaults.DefaultSqlSession.selectList(DefaultSqlSession.java:150)
            at org.apache.ibatis.session.defaults.DefaultSqlSession.selectList(DefaultSqlSession.java:141)
            at org.apache.ibatis.session.defaults.DefaultSqlSession.selectList(DefaultSqlSession.java:136)
            at dao.DemoUserDao.getAllUsers(DemoUserDao.java:43)
            at JUnitTest.DemoUserDaoTest.testQueryAll(DemoUserDaoTest.java:21)
            at sun.reflect.NativeMethodAccessorImpl.invoke0(Native Method)
            at sun.reflect.NativeMethodAccessorImpl.invoke(NativeMethodAccessorImpl.java:62)
            at sun.reflect.DelegatingMethodAccessorImpl.invoke(DelegatingMethodAccessorImpl.java:43)
            at java.lang.reflect.Method.invoke(Method.java:498)
            at org.junit.runners.model.FrameworkMethod$1.runReflectiveCall(FrameworkMethod.java:50)
            at org.junit.internal.runners.model.ReflectiveCallable.run(ReflectiveCallable.java:12)
            at org.junit.runners.model.FrameworkMethod.invokeExplosively(FrameworkMethod.java:47)
            at org.junit.internal.runners.statements.InvokeMethod.evaluate(InvokeMethod.java:17)
            at org.junit.internal.runners.statements.RunBefores.evaluate(RunBefores.java:26)
            at org.junit.runners.ParentRunner.runLeaf(ParentRunner.java:325)
            at org.junit.runners.BlockJUnit4ClassRunner.runChild(BlockJUnit4ClassRunner.java:78)
            at org.junit.runners.BlockJUnit4ClassRunner.runChild(BlockJUnit4ClassRunner.java:57)
            at org.junit.runners.ParentRunner$3.run(ParentRunner.java:290)
            at org.junit.runners.ParentRunner$1.schedule(ParentRunner.java:71)
            at org.junit.runners.ParentRunner.runChildren(ParentRunner.java:288)
            at org.junit.runners.ParentRunner.access$000(ParentRunner.java:58)
            at org.junit.runners.ParentRunner$2.evaluate(ParentRunner.java:268)
            at org.junit.runners.ParentRunner.run(ParentRunner.java:363)
            at org.apache.maven.surefire.junit4.JUnit4Provider.execute(JUnit4Provider.java:252)
            at org.apache.maven.surefire.junit4.JUnit4Provider.executeTestSet(JUnit4Provider.java:141)
            at org.apache.maven.surefire.junit4.JUnit4Provider.invoke(JUnit4Provider.java:112)
            at sun.reflect.NativeMethodAccessorImpl.invoke0(Native Method)
            at sun.reflect.NativeMethodAccessorImpl.invoke(NativeMethodAccessorImpl.java:62)
            at sun.reflect.DelegatingMethodAccessorImpl.invoke(DelegatingMethodAccessorImpl.java:43)
            at java.lang.reflect.Method.invoke(Method.java:498)
            at org.apache.maven.surefire.util.ReflectionUtils.invokeMethodWithArray(ReflectionUtils.java:189)
            at org.apache.maven.surefire.booter.ProviderFactory$ProviderProxy.invoke(ProviderFactory.java:165)
            at org.apache.maven.surefire.booter.ProviderFactory.invokeProvider(ProviderFactory.java:85)
            at org.apache.maven.surefire.booter.ForkedBooter.runSuitesInProcess(ForkedBooter.java:115)
            at org.apache.maven.surefire.booter.ForkedBooter.main(ForkedBooter.java:75)
            Caused by: org.postgresql.util.PSQLException: ERROR: relation &quot;demo.demo_user&quot; does not exist
            Position: 15
            at org.postgresql.core.v3.QueryExecutorImpl.receiveErrorResponse(QueryExecutorImpl.java:2102)
            at org.postgresql.core.v3.QueryExecutorImpl.processResults(QueryExecutorImpl.java:1835)
            at org.postgresql.core.v3.QueryExecutorImpl.execute(QueryExecutorImpl.java:257)
            at org.postgresql.jdbc2.AbstractJdbc2Statement.execute(AbstractJdbc2Statement.java:500)
            at org.postgresql.jdbc2.AbstractJdbc2Statement.executeWithFlags(AbstractJdbc2Statement.java:388)
            at org.postgresql.jdbc2.AbstractJdbc2Statement.execute(AbstractJdbc2Statement.java:381)
            at sun.reflect.NativeMethodAccessorImpl.invoke0(Native Method)
            at sun.reflect.NativeMethodAccessorImpl.invoke(NativeMethodAccessorImpl.java:62)
            at sun.reflect.DelegatingMethodAccessorImpl.invoke(DelegatingMethodAccessorImpl.java:43)
            at java.lang.reflect.Method.invoke(Method.java:498)
            at org.apache.ibatis.logging.jdbc.PreparedStatementLogger.invoke(PreparedStatementLogger.java:59)
            at com.sun.proxy.$Proxy23.execute(Unknown Source)
            at org.apache.ibatis.executor.statement.PreparedStatementHandler.query(PreparedStatementHandler.java:64)
            at org.apache.ibatis.executor.statement.RoutingStatementHandler.query(RoutingStatementHandler.java:79)
            at org.apache.ibatis.executor.SimpleExecutor.doQuery(SimpleExecutor.java:63)
            at org.apache.ibatis.executor.BaseExecutor.queryFromDatabase(BaseExecutor.java:324)
            at org.apache.ibatis.executor.BaseExecutor.query(BaseExecutor.java:156)
            at org.apache.ibatis.executor.CachingExecutor.query(CachingExecutor.java:109)
            at org.apache.ibatis.executor.CachingExecutor.query(CachingExecutor.java:83)
            at org.apache.ibatis.session.defaults.DefaultSqlSession.selectList(DefaultSqlSession.java:148)
            ... 34 more
        </error>
        <system-out>2019-05-14 14:44:07.426 DEBUG HeyleedeMacBook-Pro.local --- [ main] o.a.i.l.LogFactory : Logging
            initialized using &apos;class org.apache.ibatis.logging.slf4j.Slf4jImpl&apos; adapter.
            2019-05-14 14:44:07.477 DEBUG HeyleedeMacBook-Pro.local --- [ main] o.a.i.d.p.PooledDataSource :
            PooledDataSource forcefully closed/removed all connections.
            2019-05-14 14:44:07.478 DEBUG HeyleedeMacBook-Pro.local --- [ main] o.a.i.d.p.PooledDataSource :
            PooledDataSource forcefully closed/removed all connections.
            2019-05-14 14:44:07.478 DEBUG HeyleedeMacBook-Pro.local --- [ main] o.a.i.d.p.PooledDataSource :
            PooledDataSource forcefully closed/removed all connections.
            2019-05-14 14:44:07.478 DEBUG HeyleedeMacBook-Pro.local --- [ main] o.a.i.d.p.PooledDataSource :
            PooledDataSource forcefully closed/removed all connections.
            2019-05-14 14:44:07.549 DEBUG HeyleedeMacBook-Pro.local --- [ main] o.a.i.t.j.JdbcTransaction : Opening JDBC
            Connection
            2019-05-14 14:44:07.635 DEBUG HeyleedeMacBook-Pro.local --- [ main] o.a.i.d.p.PooledDataSource : Created
            connection 1819776360.
            2019-05-14 14:44:07.636 DEBUG HeyleedeMacBook-Pro.local --- [ main] o.a.i.t.j.JdbcTransaction : Setting
            autocommit to false on JDBC Connection [org.postgresql.jdbc4.Jdbc4Connection@6c779568]
            2019-05-14 14:44:07.638 DEBUG HeyleedeMacBook-Pro.local --- [ main] m.D.queryAll : ==&gt; Preparing: select
            * from demo.demo_user
            2019-05-14 14:44:07.673 DEBUG HeyleedeMacBook-Pro.local --- [ main] m.D.queryAll : ==&gt; Parameters:
        </system-out>
    </testcase>
</testsuite>